<?xml version="1.0" encoding="UTF-8"?>
<testng-results ignored="0" total="1" passed="1" failed="0" skipped="0">
  <reporter-output>
  </reporter-output>
  <suite started-at="2023-09-03T11:29:04 EET" name="Default suite" finished-at="2023-09-03T11:29:06 EET" duration-ms="1557">
    <groups>
    </groups>
    <test started-at="2023-09-03T11:29:04 EET" name="Default test" finished-at="2023-09-03T11:29:06 EET" duration-ms="1557">
      <class name="Test_one">
        <test-method is-config="true" signature="myBeforeTest()[pri:0, instance:Test_one@7351a16e]" started-at="2023-09-03T11:29:04 EET" name="myBeforeTest" finished-at="2023-09-03T11:29:05 EET" duration-ms="949" status="PASS">
          <reporter-output>
          </reporter-output>
        </test-method> <!-- myBeforeTest -->
        <test-method signature="myTest()[pri:0, instance:Test_one@7351a16e]" started-at="2023-09-03T11:29:05 EET" name="myTest" finished-at="2023-09-03T11:29:06 EET" duration-ms="575" status="PASS">
          <reporter-output>
          </reporter-output>
        </test-method> <!-- myTest -->
        <test-method is-config="true" signature="myAfterTest()[pri:0, instance:Test_one@7351a16e]" started-at="2023-09-03T11:29:06 EET" name="myAfterTest" finished-at="2023-09-03T11:29:06 EET" duration-ms="1" status="PASS">
          <reporter-output>
          </reporter-output>
        </test-method> <!-- myAfterTest -->
      </class> <!-- Test_one -->
    </test> <!-- Default test -->
  </suite> <!-- Default suite -->
</testng-results>
